[     5.554] 
X.Org X Server 1.21.1.4
X Protocol Version 11, Revision 0
[     5.554] Current Operating System: Linux Arcris 5.19.9-arch1-1 #1 SMP PREEMPT_DYNAMIC Thu, 15 Sep 2022 16:08:26 +0000 x86_64
[     5.554] Kernel command line: BOOT_IMAGE=/boot/vmlinuz-linux root=UUID=18c2fd67-2158-43fa-989d-0e8130510218 rw loglevel=3
[     5.554]  
[     5.554] Current version of pixman: 0.40.0
[     5.554] 	Before reporting problems, check http://wiki.x.org
	to make sure that you have the latest version.
[     5.555] Markers: (--) probed, (**) from config file, (==) default setting,
	(++) from command line, (!!) notice, (II) informational,
	(WW) warning, (EE) error, (NI) not implemented, (??) unknown.
[     5.555] (==) Log file: "/home/marc/.local/share/xorg/Xorg.0.log", Time: Thu Oct  6 19:52:45 2022
[     5.556] (==) Using config directory: "/etc/X11/xorg.conf.d"
[     5.556] (==) Using system config directory "/usr/share/X11/xorg.conf.d"
[     5.557] (==) No Layout section.  Using the first Screen section.
[     5.557] (==) No screen section available. Using defaults.
[     5.557] (**) |-->Screen "Default Screen Section" (0)
[     5.557] (**) |   |-->Monitor "<default monitor>"
[     5.558] (==) No device specified for screen "Default Screen Section".
	Using the first device section listed.
[     5.558] (**) |   |-->Device "AMD"
[     5.558] (==) No monitor specified for screen "Default Screen Section".
	Using a default monitor configuration.
[     5.558] (==) Automatically adding devices
[     5.558] (==) Automatically enabling devices
[     5.558] (==) Automatically adding GPU devices
[     5.558] (==) Automatically binding GPU devices
[     5.558] (==) Max clients allowed: 256, resource mask: 0x1fffff
[     5.558] (WW) The directory "/usr/share/fonts/misc" does not exist.
[     5.558] 	Entry deleted from font path.
[     5.559] (WW) The directory "/usr/share/fonts/OTF" does not exist.
[     5.559] 	Entry deleted from font path.
[     5.559] (WW) The directory "/usr/share/fonts/Type1" does not exist.
[     5.559] 	Entry deleted from font path.
[     5.559] (==) FontPath set to:
	/usr/share/fonts/TTF,
	/usr/share/fonts/100dpi,
	/usr/share/fonts/75dpi
[     5.559] (==) ModulePath set to "/usr/lib/xorg/modules"
[     5.559] (II) The server relies on udev to provide the list of input devices.
	If no devices become available, reconfigure udev or disable AutoAddDevices.
[     5.559] (II) Module ABI versions:
[     5.559] 	X.Org ANSI C Emulation: 0.4
[     5.559] 	X.Org Video Driver: 25.2
[     5.559] 	X.Org XInput driver : 24.4
[     5.559] 	X.Org Server Extension : 10.0
[     5.560] (++) using VT number 2

[     5.560] (--) controlling tty is VT number 2, auto-enabling KeepTty
[     5.561] (II) systemd-logind: took control of session /org/freedesktop/login1/session/_31
[     5.562] (II) xfree86: Adding drm device (/dev/dri/card0)
[     5.562] (II) Platform probe for /sys/devices/pci0000:00/0000:00:08.1/0000:04:00.0/drm/card0
[     5.562] (II) systemd-logind: got fd for /dev/dri/card0 226:0 fd 13 paused 0
[     5.563] (--) PCI:*(4@0:0:0) 1002:1638:17aa:3809 rev 193, Mem @ 0xfce0000000/268435456, 0xfcf0000000/2097152, 0xd0300000/524288, I/O @ 0x00001000/256
[     5.563] (WW) Open ACPI failed (/var/run/acpid.socket) (No such file or directory)
[     5.563] (II) LoadModule: "glx"
[     5.564] (II) Loading /usr/lib/xorg/modules/extensions/libglx.so
[     5.569] (II) Module glx: vendor="X.Org Foundation"
[     5.569] 	compiled for 1.21.1.4, module version = 1.0.0
[     5.569] 	ABI class: X.Org Server Extension, version 10.0
[     5.569] (II) LoadModule: "amdgpu"
[     5.569] (II) Loading /usr/lib/xorg/modules/drivers/amdgpu_drv.so
[     5.572] (II) Module amdgpu: vendor="X.Org Foundation"
[     5.572] 	compiled for 1.21.1.3, module version = 22.0.0
[     5.572] 	Module class: X.Org Video Driver
[     5.572] 	ABI class: X.Org Video Driver, version 25.2
[     5.572] (II) AMDGPU: Driver for AMD Radeon:
	All GPUs supported by the amdgpu kernel driver
[     5.577] (WW) VGA arbiter: cannot open kernel arbiter, no multi-card support
[     5.577] (II) AMDGPU(0): Creating default Display subsection in Screen section
	"Default Screen Section" for depth/fbbpp 24/32
[     5.577] (==) AMDGPU(0): Depth 24, (--) framebuffer bpp 32
[     5.577] (II) AMDGPU(0): Pixel depth = 24 bits stored in 4 bytes (32 bpp pixmaps)
[     5.577] (==) AMDGPU(0): Default visual is TrueColor
[     5.577] (**) AMDGPU(0): Option "TearFree" "true"
[     5.577] (==) AMDGPU(0): RGB weight 888
[     5.577] (II) AMDGPU(0): Using 8 bits per RGB (8 bit DAC)
[     5.577] (--) AMDGPU(0): Chipset: "Unknown AMD Radeon GPU" (ChipID = 0x1638)
[     5.577] (II) Loading sub module "fb"
[     5.577] (II) LoadModule: "fb"
[     5.577] (II) Module "fb" already built-in
[     5.577] (II) Loading sub module "dri2"
[     5.577] (II) LoadModule: "dri2"
[     5.577] (II) Module "dri2" already built-in
[     5.685] (II) Loading sub module "glamoregl"
[     5.686] (II) LoadModule: "glamoregl"
[     5.686] (II) Loading /usr/lib/xorg/modules/libglamoregl.so
[     5.689] (II) Module glamoregl: vendor="X.Org Foundation"
[     5.689] 	compiled for 1.21.1.4, module version = 1.0.1
[     5.689] 	ABI class: X.Org ANSI C Emulation, version 0.4
[     5.701] (II) AMDGPU(0): glamor X acceleration enabled on AMD RENOIR (LLVM 14.0.6, DRM 3.47, 5.19.9-arch1-1)
[     5.701] (II) AMDGPU(0): glamor detected, initialising EGL layer.
[     5.701] (**) AMDGPU(0): TearFree property default: on
[     5.701] (==) AMDGPU(0): VariableRefresh: disabled
[     5.701] (==) AMDGPU(0): AsyncFlipSecondaries: disabled
[     5.701] (II) AMDGPU(0): KMS Pageflipping: enabled
[     5.702] (II) AMDGPU(0): Output eDP has no monitor section
[     5.702] (II) AMDGPU(0): Output HDMI-A-0 has no monitor section
[     5.702] (II) AMDGPU(0): Output DisplayPort-0 has no monitor section
[     5.702] (II) AMDGPU(0): Output DisplayPort-1 has no monitor section
[     5.710] (II) AMDGPU(0): EDID for output eDP
[     5.710] (II) AMDGPU(0): Manufacturer: BOE  Model: 931  Serial#: 0
[     5.710] (II) AMDGPU(0): Year: 2020  Week: 20
[     5.710] (II) AMDGPU(0): EDID Version: 1.4
[     5.710] (II) AMDGPU(0): Digital Display Input
[     5.710] (II) AMDGPU(0): 8 bits per channel
[     5.710] (II) AMDGPU(0): Digital interface is DisplayPort
[     5.710] (II) AMDGPU(0): Max Image Size [cm]: horiz.: 30  vert.: 19
[     5.710] (II) AMDGPU(0): Gamma: 2.20
[     5.710] (II) AMDGPU(0): No DPMS capabilities specified
[     5.710] (II) AMDGPU(0): Supported color encodings: RGB 4:4:4 
[     5.710] (II) AMDGPU(0): Default color space is primary color space
[     5.710] (II) AMDGPU(0): First detailed timing is preferred mode
[     5.710] (II) AMDGPU(0): Preferred mode is native pixel format and refresh rate
[     5.710] (II) AMDGPU(0): redX: 0.639 redY: 0.330   greenX: 0.290 greenY: 0.620
[     5.710] (II) AMDGPU(0): blueX: 0.147 blueY: 0.057   whiteX: 0.313 whiteY: 0.329
[     5.710] (II) AMDGPU(0): Manufacturer's mask: 0
[     5.710] (II) AMDGPU(0): Supported detailed timing:
[     5.710] (II) AMDGPU(0): clock: 212.6 MHz   Image Size:  302 x 189 mm
[     5.710] (II) AMDGPU(0): h_active: 2240  h_sync: 2288  h_sync_end 2320 h_blank_end 2460 h_border: 0
[     5.710] (II) AMDGPU(0): v_active: 1400  v_sync: 1403  v_sync_end 1409 v_blanking: 1440 v_border: 0
[     5.710] (II) AMDGPU(0):  BOE CQ
[     5.710] (II) AMDGPU(0):  NV140DRM-N61
[     5.710] (II) AMDGPU(0): EDID (in hex):
[     5.710] (II) AMDGPU(0): 	00ffffffffffff0009e5310900000000
[     5.710] (II) AMDGPU(0): 	141e0104a51e137806a7e5a3544a9e25
[     5.710] (II) AMDGPU(0): 	0e505400000001010101010101010101
[     5.710] (II) AMDGPU(0): 	0101010101010753c0dc807828503020
[     5.710] (II) AMDGPU(0): 	36002ebd1000001a0000000000000000
[     5.710] (II) AMDGPU(0): 	00000000000000000000000000fe0042
[     5.710] (II) AMDGPU(0): 	4f452043510a202020202020000000fe
[     5.710] (II) AMDGPU(0): 	004e5631343044524d2d4e36310a00a8
[     5.710] (II) AMDGPU(0): Printing probed modes for output eDP
[     5.710] (II) AMDGPU(0): Modeline "2240x1400"x60.0  212.55  2240 2288 2320 2460  1400 1403 1409 1440 +hsync -vsync (86.4 kHz eP)
[     5.710] (II) AMDGPU(0): Modeline "1920x1200"x60.0  212.55  1920 2288 2320 2460  1200 1403 1409 1440 +hsync -vsync (86.4 kHz e)
[     5.710] (II) AMDGPU(0): Modeline "1920x1080"x60.0  212.55  1920 2288 2320 2460  1080 1403 1409 1440 +hsync -vsync (86.4 kHz e)
[     5.710] (II) AMDGPU(0): Modeline "1600x1200"x60.0  212.55  1600 2288 2320 2460  1200 1403 1409 1440 +hsync -vsync (86.4 kHz e)
[     5.710] (II) AMDGPU(0): Modeline "1680x1050"x60.0  212.55  1680 2288 2320 2460  1050 1403 1409 1440 +hsync -vsync (86.4 kHz e)
[     5.710] (II) AMDGPU(0): Modeline "1280x1024"x60.0  212.55  1280 2288 2320 2460  1024 1403 1409 1440 +hsync -vsync (86.4 kHz e)
[     5.710] (II) AMDGPU(0): Modeline "1440x900"x60.0  212.55  1440 2288 2320 2460  900 1403 1409 1440 +hsync -vsync (86.4 kHz e)
[     5.710] (II) AMDGPU(0): Modeline "1280x800"x60.0  212.55  1280 2288 2320 2460  800 1403 1409 1440 +hsync -vsync (86.4 kHz e)
[     5.710] (II) AMDGPU(0): Modeline "1280x720"x60.0  212.55  1280 2288 2320 2460  720 1403 1409 1440 +hsync -vsync (86.4 kHz e)
[     5.710] (II) AMDGPU(0): Modeline "1024x768"x60.0  212.55  1024 2288 2320 2460  768 1403 1409 1440 +hsync -vsync (86.4 kHz e)
[     5.710] (II) AMDGPU(0): Modeline "800x600"x60.0  212.55  800 2288 2320 2460  600 1403 1409 1440 +hsync -vsync (86.4 kHz e)
[     5.710] (II) AMDGPU(0): Modeline "640x480"x60.0  212.55  640 2288 2320 2460  480 1403 1409 1440 +hsync -vsync (86.4 kHz e)
[     5.710] (II) AMDGPU(0): EDID for output HDMI-A-0
[     5.710] (II) AMDGPU(0): EDID for output DisplayPort-0
[     5.710] (II) AMDGPU(0): EDID for output DisplayPort-1
[     5.710] (II) AMDGPU(0): Output eDP connected
[     5.710] (II) AMDGPU(0): Output HDMI-A-0 disconnected
[     5.710] (II) AMDGPU(0): Output DisplayPort-0 disconnected
[     5.710] (II) AMDGPU(0): Output DisplayPort-1 disconnected
[     5.710] (II) AMDGPU(0): Using exact sizes for initial modes
[     5.710] (II) AMDGPU(0): Output eDP using initial mode 2240x1400 +0+0
[     5.710] (II) AMDGPU(0): mem size init: gart size :1afaf8800 vram size: s:7db1e000 visible:7db1e000
[     5.710] (==) AMDGPU(0): DPI set to (96, 96)
[     5.710] (==) AMDGPU(0): Using gamma correction (1.0, 1.0, 1.0)
[     5.710] (II) Loading sub module "ramdac"
[     5.710] (II) LoadModule: "ramdac"
[     5.710] (II) Module "ramdac" already built-in
[     5.710] (II) AMDGPU(0): [DRI2] Setup complete
[     5.710] (II) AMDGPU(0): [DRI2]   DRI driver: radeonsi
[     5.710] (II) AMDGPU(0): [DRI2]   VDPAU driver: radeonsi
[     5.753] (II) AMDGPU(0): Front buffer pitch: 9216 bytes
[     5.754] (II) AMDGPU(0): SYNC extension fences enabled
[     5.754] (II) AMDGPU(0): Present extension enabled
[     5.754] (==) AMDGPU(0): DRI3 enabled
[     5.754] (==) AMDGPU(0): Backing store enabled
[     5.754] (II) AMDGPU(0): Direct rendering enabled
[     5.764] (II) AMDGPU(0): Use GLAMOR acceleration.
[     5.764] (II) AMDGPU(0): Acceleration enabled
[     5.764] (==) AMDGPU(0): DPMS enabled
[     5.765] (==) AMDGPU(0): Silken mouse enabled
[     5.765] (II) AMDGPU(0): Set up textured video (glamor)
[     5.775] (II) Initializing extension Generic Event Extension
[     5.775] (II) Initializing extension SHAPE
[     5.775] (II) Initializing extension MIT-SHM
[     5.776] (II) Initializing extension XInputExtension
[     5.776] (II) Initializing extension XTEST
[     5.776] (II) Initializing extension BIG-REQUESTS
[     5.776] (II) Initializing extension SYNC
[     5.776] (II) Initializing extension XKEYBOARD
[     5.776] (II) Initializing extension XC-MISC
[     5.777] (II) Initializing extension SECURITY
[     5.777] (II) Initializing extension XFIXES
[     5.777] (II) Initializing extension RENDER
[     5.777] (II) Initializing extension RANDR
[     5.777] (II) Initializing extension COMPOSITE
[     5.777] (II) Initializing extension DAMAGE
[     5.777] (II) Initializing extension MIT-SCREEN-SAVER
[     5.777] (II) Initializing extension DOUBLE-BUFFER
[     5.777] (II) Initializing extension RECORD
[     5.777] (II) Initializing extension DPMS
[     5.777] (II) Initializing extension Present
[     5.777] (II) Initializing extension DRI3
[     5.777] (II) Initializing extension X-Resource
[     5.777] (II) Initializing extension XVideo
[     5.777] (II) Initializing extension XVideo-MotionCompensation
[     5.777] (II) Initializing extension GLX
[     5.780] (II) AIGLX: Loaded and initialized radeonsi
[     5.780] (II) GLX: Initialized DRI2 GL provider for screen 0
[     5.780] (II) Initializing extension XFree86-VidModeExtension
[     5.780] (II) Initializing extension XFree86-DGA
[     5.780] (II) Initializing extension XFree86-DRI
[     5.780] (II) Initializing extension DRI2
[     5.780] (II) AMDGPU(0): Setting screen physical size to 592 x 370
[     5.885] (II) config/udev: Adding input device Video Bus (/dev/input/event4)
[     5.885] (**) Video Bus: Applying InputClass "libinput keyboard catchall"
[     5.885] (**) Video Bus: Applying InputClass "system-keyboard"
[     5.885] (**) Video Bus: Applying InputClass "touchpad catchall"
[     5.885] (II) LoadModule: "libinput"
[     5.885] (II) Loading /usr/lib/xorg/modules/input/libinput_drv.so
[     5.887] (II) Module libinput: vendor="X.Org Foundation"
[     5.887] 	compiled for 1.21.1.3, module version = 1.2.1
[     5.887] 	Module class: X.Org XInput Driver
[     5.887] 	ABI class: X.Org XInput driver, version 24.4
[     5.887] (II) Using input driver 'libinput' for 'Video Bus'
[     5.887] (II) systemd-logind: got fd for /dev/input/event4 13:68 fd 27 paused 0
[     5.887] (**) Video Bus: always reports core events
[     5.887] (**) Option "Device" "/dev/input/event4"
[     5.892] (II) event4  - Video Bus: is tagged by udev as: Keyboard
[     5.892] (II) event4  - Video Bus: device is a keyboard
[     5.892] (II) event4  - Video Bus: device removed
[     5.892] (**) Option "config_info" "udev:/sys/devices/LNXSYSTM:00/LNXSYBUS:00/PNP0A08:00/device:08/LNXVIDEO:00/input/input4/event4"
[     5.892] (II) XINPUT: Adding extended input device "Video Bus" (type: KEYBOARD, id 6)
[     5.892] (**) Option "xkb_layout" "es"
[     5.901] (II) event4  - Video Bus: is tagged by udev as: Keyboard
[     5.901] (II) event4  - Video Bus: device is a keyboard
[     5.901] (II) config/udev: Adding input device Power Button (/dev/input/event2)
[     5.901] (**) Power Button: Applying InputClass "libinput keyboard catchall"
[     5.901] (**) Power Button: Applying InputClass "system-keyboard"
[     5.901] (**) Power Button: Applying InputClass "touchpad catchall"
[     5.901] (II) Using input driver 'libinput' for 'Power Button'
[     5.902] (II) systemd-logind: got fd for /dev/input/event2 13:66 fd 30 paused 0
[     5.902] (**) Power Button: always reports core events
[     5.902] (**) Option "Device" "/dev/input/event2"
[     5.902] (II) event2  - Power Button: is tagged by udev as: Keyboard
[     5.902] (II) event2  - Power Button: device is a keyboard
[     5.903] (II) event2  - Power Button: device removed
[     5.903] (**) Option "config_info" "udev:/sys/devices/LNXSYSTM:00/LNXSYBUS:00/PNP0C0C:00/input/input2/event2"
[     5.903] (II) XINPUT: Adding extended input device "Power Button" (type: KEYBOARD, id 7)
[     5.903] (**) Option "xkb_layout" "es"
[     5.903] (II) event2  - Power Button: is tagged by udev as: Keyboard
[     5.903] (II) event2  - Power Button: device is a keyboard
[     5.903] (II) config/udev: Adding input device Lid Switch (/dev/input/event0)
[     5.903] (**) Lid Switch: Applying InputClass "touchpad catchall"
[     5.903] (II) Using input driver 'libinput' for 'Lid Switch'
[     5.904] (II) systemd-logind: got fd for /dev/input/event0 13:64 fd 31 paused 0
[     5.904] (**) Lid Switch: always reports core events
[     5.904] (**) Option "Device" "/dev/input/event0"
[     5.904] (II) event0  - Lid Switch: is tagged by udev as: Switch
[     5.904] (II) event0  - Lid Switch: device is a switch device
[     5.904] (II) event0  - Lid Switch: device is a switch device
[     5.904] (II) event0  - Lid Switch: device removed
[     5.904] (**) Option "config_info" "udev:/sys/devices/LNXSYSTM:00/LNXSYBUS:00/PNP0C0D:00/input/input0/event0"
[     5.904] (II) XINPUT: Adding extended input device "Lid Switch" (type: KEYBOARD, id 8)
[     5.904] (II) event0  - Lid Switch: is tagged by udev as: Switch
[     5.904] (II) event0  - Lid Switch: device is a switch device
[     5.904] (II) event0  - Lid Switch: device is a switch device
[     5.905] (II) config/udev: Adding input device Sleep Button (/dev/input/event1)
[     5.905] (**) Sleep Button: Applying InputClass "libinput keyboard catchall"
[     5.905] (**) Sleep Button: Applying InputClass "system-keyboard"
[     5.905] (**) Sleep Button: Applying InputClass "touchpad catchall"
[     5.905] (II) Using input driver 'libinput' for 'Sleep Button'
[     5.905] (II) systemd-logind: got fd for /dev/input/event1 13:65 fd 32 paused 0
[     5.905] (**) Sleep Button: always reports core events
[     5.905] (**) Option "Device" "/dev/input/event1"
[     5.906] (II) event1  - Sleep Button: is tagged by udev as: Keyboard
[     5.906] (II) event1  - Sleep Button: device is a keyboard
[     5.906] (II) event1  - Sleep Button: device removed
[     5.906] (**) Option "config_info" "udev:/sys/devices/LNXSYSTM:00/LNXSYBUS:00/PNP0C0E:00/input/input1/event1"
[     5.906] (II) XINPUT: Adding extended input device "Sleep Button" (type: KEYBOARD, id 9)
[     5.906] (**) Option "xkb_layout" "es"
[     5.906] (II) event1  - Sleep Button: is tagged by udev as: Keyboard
[     5.906] (II) event1  - Sleep Button: device is a keyboard
[     5.907] (II) config/udev: Adding input device HD-Audio Generic HDMI/DP,pcm=3 (/dev/input/event10)
[     5.907] (**) HD-Audio Generic HDMI/DP,pcm=3: Applying InputClass "touchpad catchall"
[     5.907] (II) Using input driver 'libinput' for 'HD-Audio Generic HDMI/DP,pcm=3'
[     5.907] (II) systemd-logind: got fd for /dev/input/event10 13:74 fd 33 paused 0
[     5.907] (**) HD-Audio Generic HDMI/DP,pcm=3: always reports core events
[     5.907] (**) Option "Device" "/dev/input/event10"
[     5.907] (II) event10 - HD-Audio Generic HDMI/DP,pcm=3: is tagged by udev as: Switch
[     5.908] (II) event10 - not using input device '/dev/input/event10'.
[     5.908] (EE) libinput: HD-Audio Generic HDMI/DP,pcm=3: Failed to create a device for /dev/input/event10
[     5.908] (EE) PreInit returned 2 for "HD-Audio Generic HDMI/DP,pcm=3"
[     5.908] (II) UnloadModule: "libinput"
[     5.908] (II) systemd-logind: releasing fd for 13:74
[     5.980] (II) config/udev: Adding input device HD-Audio Generic HDMI/DP,pcm=7 (/dev/input/event11)
[     5.980] (**) HD-Audio Generic HDMI/DP,pcm=7: Applying InputClass "touchpad catchall"
[     5.980] (II) Using input driver 'libinput' for 'HD-Audio Generic HDMI/DP,pcm=7'
[     5.981] (II) systemd-logind: got fd for /dev/input/event11 13:75 fd 33 paused 0
[     5.981] (**) HD-Audio Generic HDMI/DP,pcm=7: always reports core events
[     5.981] (**) Option "Device" "/dev/input/event11"
[     5.982] (II) event11 - HD-Audio Generic HDMI/DP,pcm=7: is tagged by udev as: Switch
[     5.982] (II) event11 - not using input device '/dev/input/event11'.
[     5.982] (EE) libinput: HD-Audio Generic HDMI/DP,pcm=7: Failed to create a device for /dev/input/event11
[     5.982] (EE) PreInit returned 2 for "HD-Audio Generic HDMI/DP,pcm=7"
[     5.982] (II) UnloadModule: "libinput"
[     5.982] (II) systemd-logind: releasing fd for 13:75
[     6.056] (II) config/udev: Adding input device HD-Audio Generic HDMI/DP,pcm=8 (/dev/input/event12)
[     6.056] (**) HD-Audio Generic HDMI/DP,pcm=8: Applying InputClass "touchpad catchall"
[     6.056] (II) Using input driver 'libinput' for 'HD-Audio Generic HDMI/DP,pcm=8'
[     6.058] (II) systemd-logind: got fd for /dev/input/event12 13:76 fd 33 paused 0
[     6.058] (**) HD-Audio Generic HDMI/DP,pcm=8: always reports core events
[     6.058] (**) Option "Device" "/dev/input/event12"
[     6.058] (II) event12 - HD-Audio Generic HDMI/DP,pcm=8: is tagged by udev as: Switch
[     6.058] (II) event12 - not using input device '/dev/input/event12'.
[     6.058] (EE) libinput: HD-Audio Generic HDMI/DP,pcm=8: Failed to create a device for /dev/input/event12
[     6.058] (EE) PreInit returned 2 for "HD-Audio Generic HDMI/DP,pcm=8"
[     6.058] (II) UnloadModule: "libinput"
[     6.058] (II) systemd-logind: releasing fd for 13:76
[     6.132] (II) config/udev: Adding input device Integrated Camera: Integrated C (/dev/input/event8)
[     6.132] (**) Integrated Camera: Integrated C: Applying InputClass "libinput keyboard catchall"
[     6.132] (**) Integrated Camera: Integrated C: Applying InputClass "system-keyboard"
[     6.132] (**) Integrated Camera: Integrated C: Applying InputClass "touchpad catchall"
[     6.132] (II) Using input driver 'libinput' for 'Integrated Camera: Integrated C'
[     6.133] (II) systemd-logind: got fd for /dev/input/event8 13:72 fd 33 paused 0
[     6.133] (**) Integrated Camera: Integrated C: always reports core events
[     6.133] (**) Option "Device" "/dev/input/event8"
[     6.133] (II) event8  - Integrated Camera: Integrated C: is tagged by udev as: Keyboard
[     6.133] (II) event8  - Integrated Camera: Integrated C: device is a keyboard
[     6.133] (II) event8  - Integrated Camera: Integrated C: device removed
[     6.134] (**) Option "config_info" "udev:/sys/devices/pci0000:00/0000:00:08.1/0000:04:00.3/usb1/1-3/1-3:1.0/input/input12/event8"
[     6.134] (II) XINPUT: Adding extended input device "Integrated Camera: Integrated C" (type: KEYBOARD, id 10)
[     6.134] (**) Option "xkb_layout" "es"
[     6.134] (II) event8  - Integrated Camera: Integrated C: is tagged by udev as: Keyboard
[     6.134] (II) event8  - Integrated Camera: Integrated C: device is a keyboard
[     6.135] (II) config/udev: Adding input device Integrated Camera: Integrated I (/dev/input/event9)
[     6.135] (**) Integrated Camera: Integrated I: Applying InputClass "libinput keyboard catchall"
[     6.135] (**) Integrated Camera: Integrated I: Applying InputClass "system-keyboard"
[     6.135] (**) Integrated Camera: Integrated I: Applying InputClass "touchpad catchall"
[     6.135] (II) Using input driver 'libinput' for 'Integrated Camera: Integrated I'
[     6.135] (II) systemd-logind: got fd for /dev/input/event9 13:73 fd 34 paused 0
[     6.135] (**) Integrated Camera: Integrated I: always reports core events
[     6.135] (**) Option "Device" "/dev/input/event9"
[     6.135] (II) event9  - Integrated Camera: Integrated I: is tagged by udev as: Keyboard
[     6.135] (II) event9  - Integrated Camera: Integrated I: device is a keyboard
[     6.136] (II) event9  - Integrated Camera: Integrated I: device removed
[     6.136] (**) Option "config_info" "udev:/sys/devices/pci0000:00/0000:00:08.1/0000:04:00.3/usb1/1-3/1-3:1.2/input/input13/event9"
[     6.136] (II) XINPUT: Adding extended input device "Integrated Camera: Integrated I" (type: KEYBOARD, id 11)
[     6.136] (**) Option "xkb_layout" "es"
[     6.136] (II) event9  - Integrated Camera: Integrated I: is tagged by udev as: Keyboard
[     6.136] (II) event9  - Integrated Camera: Integrated I: device is a keyboard
[     6.137] (II) config/udev: Adding input device Logitech Wireless Mouse (/dev/input/event13)
[     6.137] (**) Logitech Wireless Mouse: Applying InputClass "libinput pointer catchall"
[     6.137] (**) Logitech Wireless Mouse: Applying InputClass "touchpad catchall"
[     6.137] (II) Using input driver 'libinput' for 'Logitech Wireless Mouse'
[     6.137] (II) systemd-logind: got fd for /dev/input/event13 13:77 fd 35 paused 0
[     6.137] (**) Logitech Wireless Mouse: always reports core events
[     6.137] (**) Option "Device" "/dev/input/event13"
[     6.138] (II) event13 - Logitech Wireless Mouse: is tagged by udev as: Mouse
[     6.138] (II) event13 - Logitech Wireless Mouse: device is a pointer
[     6.138] (II) event13 - Logitech Wireless Mouse: device removed
[     6.138] (**) Option "config_info" "udev:/sys/devices/pci0000:00/0000:00:08.1/0000:04:00.4/usb3/3-2/3-2:1.1/0003:046D:C534.0004/0003:046D:4054.0005/input/input29/event13"
[     6.138] (II) XINPUT: Adding extended input device "Logitech Wireless Mouse" (type: MOUSE, id 12)
[     6.138] (**) Option "AccelerationScheme" "none"
[     6.138] (**) Logitech Wireless Mouse: (accel) selected scheme none/0
[     6.138] (**) Logitech Wireless Mouse: (accel) acceleration factor: 2.000
[     6.138] (**) Logitech Wireless Mouse: (accel) acceleration threshold: 4
[     6.139] (II) event13 - Logitech Wireless Mouse: is tagged by udev as: Mouse
[     6.139] (II) event13 - Logitech Wireless Mouse: device is a pointer
[     6.139] (II) config/udev: Adding input device Logitech Wireless Mouse (/dev/input/mouse2)
[     6.139] (**) Logitech Wireless Mouse: Applying InputClass "touchpad catchall"
[     6.139] (II) Using input driver 'libinput' for 'Logitech Wireless Mouse'
[     6.139] (**) Logitech Wireless Mouse: always reports core events
[     6.139] (**) Option "Device" "/dev/input/mouse2"
[     6.139] (EE) xf86OpenSerial: Cannot open device /dev/input/mouse2
	Permission denied.
[     6.139] (II) mouse2: opening input device '/dev/input/mouse2' failed (Permission denied).
[     6.139] (II) mouse2  - failed to create input device '/dev/input/mouse2'.
[     6.139] (EE) libinput: Logitech Wireless Mouse: Failed to create a device for /dev/input/mouse2
[     6.139] (EE) PreInit returned 2 for "Logitech Wireless Mouse"
[     6.139] (II) UnloadModule: "libinput"
[     6.139] (II) config/udev: Adding input device HD-Audio Generic Mic (/dev/input/event16)
[     6.139] (**) HD-Audio Generic Mic: Applying InputClass "touchpad catchall"
[     6.139] (II) Using input driver 'libinput' for 'HD-Audio Generic Mic'
[     6.140] (II) systemd-logind: got fd for /dev/input/event16 13:80 fd 36 paused 0
[     6.140] (**) HD-Audio Generic Mic: always reports core events
[     6.140] (**) Option "Device" "/dev/input/event16"
[     6.140] (II) event16 - HD-Audio Generic Mic: is tagged by udev as: Switch
[     6.140] (II) event16 - not using input device '/dev/input/event16'.
[     6.140] (EE) libinput: HD-Audio Generic Mic: Failed to create a device for /dev/input/event16
[     6.140] (EE) PreInit returned 2 for "HD-Audio Generic Mic"
[     6.140] (II) UnloadModule: "libinput"
[     6.140] (II) systemd-logind: releasing fd for 13:80
[     6.206] (II) config/udev: Adding input device HD-Audio Generic Headphone (/dev/input/event18)
[     6.206] (**) HD-Audio Generic Headphone: Applying InputClass "touchpad catchall"
[     6.206] (II) Using input driver 'libinput' for 'HD-Audio Generic Headphone'
[     6.207] (II) systemd-logind: got fd for /dev/input/event18 13:82 fd 36 paused 0
[     6.207] (**) HD-Audio Generic Headphone: always reports core events
[     6.207] (**) Option "Device" "/dev/input/event18"
[     6.208] (II) event18 - HD-Audio Generic Headphone: is tagged by udev as: Switch
[     6.208] (II) event18 - not using input device '/dev/input/event18'.
[     6.208] (EE) libinput: HD-Audio Generic Headphone: Failed to create a device for /dev/input/event18
[     6.208] (EE) PreInit returned 2 for "HD-Audio Generic Headphone"
[     6.208] (II) UnloadModule: "libinput"
[     6.208] (II) systemd-logind: releasing fd for 13:82
[     6.240] (II) config/udev: Adding input device Ideapad extra buttons (/dev/input/event7)
[     6.240] (**) Ideapad extra buttons: Applying InputClass "libinput keyboard catchall"
[     6.240] (**) Ideapad extra buttons: Applying InputClass "system-keyboard"
[     6.240] (**) Ideapad extra buttons: Applying InputClass "touchpad catchall"
[     6.240] (II) Using input driver 'libinput' for 'Ideapad extra buttons'
[     6.241] (II) systemd-logind: got fd for /dev/input/event7 13:71 fd 36 paused 0
[     6.241] (**) Ideapad extra buttons: always reports core events
[     6.241] (**) Option "Device" "/dev/input/event7"
[     6.241] (II) event7  - Ideapad extra buttons: is tagged by udev as: Keyboard
[     6.242] (II) event7  - Ideapad extra buttons: device is a keyboard
[     6.242] (II) event7  - Ideapad extra buttons: device removed
[     6.242] (**) Option "config_info" "udev:/sys/devices/pci0000:00/0000:00:14.3/PNP0C09:00/VPC2004:00/input/input8/event7"
[     6.242] (II) XINPUT: Adding extended input device "Ideapad extra buttons" (type: KEYBOARD, id 13)
[     6.242] (**) Option "xkb_layout" "es"
[     6.242] (II) event7  - Ideapad extra buttons: is tagged by udev as: Keyboard
[     6.242] (II) event7  - Ideapad extra buttons: device is a keyboard
[     6.242] (II) config/udev: Adding input device MSFT0004:00 04F3:31BE Touchpad (/dev/input/event6)
[     6.242] (**) MSFT0004:00 04F3:31BE Touchpad: Applying InputClass "libinput touchpad catchall"
[     6.242] (**) MSFT0004:00 04F3:31BE Touchpad: Applying InputClass "touchpad catchall"
[     6.242] (II) Using input driver 'libinput' for 'MSFT0004:00 04F3:31BE Touchpad'
[     6.243] (II) systemd-logind: got fd for /dev/input/event6 13:70 fd 37 paused 0
[     6.243] (**) MSFT0004:00 04F3:31BE Touchpad: always reports core events
[     6.243] (**) Option "Device" "/dev/input/event6"
[     6.243] (II) event6  - MSFT0004:00 04F3:31BE Touchpad: is tagged by udev as: Touchpad
[     6.244] (II) event6  - MSFT0004:00 04F3:31BE Touchpad: device is a touchpad
[     6.244] (II) event6  - MSFT0004:00 04F3:31BE Touchpad: device removed
[     6.244] (**) Option "Tapping" "on"
[     6.244] (**) Option "config_info" "udev:/sys/devices/platform/AMDI0010:00/i2c-0/i2c-MSFT0004:00/0018:04F3:31BE.0001/input/input11/event6"
[     6.244] (II) XINPUT: Adding extended input device "MSFT0004:00 04F3:31BE Touchpad" (type: TOUCHPAD, id 14)
[     6.245] (**) Option "AccelerationScheme" "none"
[     6.245] (**) MSFT0004:00 04F3:31BE Touchpad: (accel) selected scheme none/0
[     6.245] (**) MSFT0004:00 04F3:31BE Touchpad: (accel) acceleration factor: 2.000
[     6.245] (**) MSFT0004:00 04F3:31BE Touchpad: (accel) acceleration threshold: 4
[     6.245] (II) event6  - MSFT0004:00 04F3:31BE Touchpad: is tagged by udev as: Touchpad
[     6.246] (II) event6  - MSFT0004:00 04F3:31BE Touchpad: device is a touchpad
[     6.246] (II) config/udev: Adding input device MSFT0004:00 04F3:31BE Touchpad (/dev/input/mouse1)
[     6.246] (**) MSFT0004:00 04F3:31BE Touchpad: Applying InputClass "touchpad catchall"
[     6.246] (II) Using input driver 'libinput' for 'MSFT0004:00 04F3:31BE Touchpad'
[     6.246] (**) MSFT0004:00 04F3:31BE Touchpad: always reports core events
[     6.246] (**) Option "Device" "/dev/input/mouse1"
[     6.247] (EE) xf86OpenSerial: Cannot open device /dev/input/mouse1
	Permission denied.
[     6.247] (II) mouse1: opening input device '/dev/input/mouse1' failed (Permission denied).
[     6.247] (II) mouse1  - failed to create input device '/dev/input/mouse1'.
[     6.247] (EE) libinput: MSFT0004:00 04F3:31BE Touchpad: Failed to create a device for /dev/input/mouse1
[     6.247] (EE) PreInit returned 2 for "MSFT0004:00 04F3:31BE Touchpad"
[     6.247] (II) UnloadModule: "libinput"
[     6.247] (II) config/udev: Adding input device MSFT0004:00 04F3:31BE Mouse (/dev/input/event5)
[     6.247] (**) MSFT0004:00 04F3:31BE Mouse: Applying InputClass "libinput pointer catchall"
[     6.247] (**) MSFT0004:00 04F3:31BE Mouse: Applying InputClass "touchpad catchall"
[     6.247] (II) Using input driver 'libinput' for 'MSFT0004:00 04F3:31BE Mouse'
[     6.247] (II) systemd-logind: got fd for /dev/input/event5 13:69 fd 38 paused 0
[     6.247] (**) MSFT0004:00 04F3:31BE Mouse: always reports core events
[     6.247] (**) Option "Device" "/dev/input/event5"
[     6.248] (II) event5  - MSFT0004:00 04F3:31BE Mouse: is tagged by udev as: Mouse Pointingstick
[     6.248] (II) event5  - MSFT0004:00 04F3:31BE Mouse: device is a pointer
[     6.248] (II) event5  - MSFT0004:00 04F3:31BE Mouse: device removed
[     6.248] (**) Option "config_info" "udev:/sys/devices/platform/AMDI0010:00/i2c-0/i2c-MSFT0004:00/0018:04F3:31BE.0001/input/input9/event5"
[     6.248] (II) XINPUT: Adding extended input device "MSFT0004:00 04F3:31BE Mouse" (type: MOUSE, id 15)
[     6.248] (**) Option "AccelerationScheme" "none"
[     6.248] (**) MSFT0004:00 04F3:31BE Mouse: (accel) selected scheme none/0
[     6.248] (**) MSFT0004:00 04F3:31BE Mouse: (accel) acceleration factor: 2.000
[     6.248] (**) MSFT0004:00 04F3:31BE Mouse: (accel) acceleration threshold: 4
[     6.249] (II) event5  - MSFT0004:00 04F3:31BE Mouse: is tagged by udev as: Mouse Pointingstick
[     6.249] (II) event5  - MSFT0004:00 04F3:31BE Mouse: device is a pointer
[     6.250] (II) config/udev: Adding input device MSFT0004:00 04F3:31BE Mouse (/dev/input/mouse0)
[     6.250] (**) MSFT0004:00 04F3:31BE Mouse: Applying InputClass "touchpad catchall"
[     6.250] (II) Using input driver 'libinput' for 'MSFT0004:00 04F3:31BE Mouse'
[     6.250] (**) MSFT0004:00 04F3:31BE Mouse: always reports core events
[     6.250] (**) Option "Device" "/dev/input/mouse0"
[     6.250] (EE) xf86OpenSerial: Cannot open device /dev/input/mouse0
	Permission denied.
[     6.250] (II) mouse0: opening input device '/dev/input/mouse0' failed (Permission denied).
[     6.250] (II) mouse0  - failed to create input device '/dev/input/mouse0'.
[     6.250] (EE) libinput: MSFT0004:00 04F3:31BE Mouse: Failed to create a device for /dev/input/mouse0
[     6.250] (EE) PreInit returned 2 for "MSFT0004:00 04F3:31BE Mouse"
[     6.250] (II) UnloadModule: "libinput"
[     6.250] (II) config/udev: Adding input device AT Translated Set 2 keyboard (/dev/input/event3)
[     6.250] (**) AT Translated Set 2 keyboard: Applying InputClass "libinput keyboard catchall"
[     6.250] (**) AT Translated Set 2 keyboard: Applying InputClass "system-keyboard"
[     6.250] (**) AT Translated Set 2 keyboard: Applying InputClass "touchpad catchall"
[     6.250] (II) Using input driver 'libinput' for 'AT Translated Set 2 keyboard'
[     6.250] (II) systemd-logind: got fd for /dev/input/event3 13:67 fd 39 paused 0
[     6.250] (**) AT Translated Set 2 keyboard: always reports core events
[     6.250] (**) Option "Device" "/dev/input/event3"
[     6.251] (II) event3  - AT Translated Set 2 keyboard: is tagged by udev as: Keyboard
[     6.251] (II) event3  - AT Translated Set 2 keyboard: device is a keyboard
[     6.251] (II) event3  - AT Translated Set 2 keyboard: device removed
[     6.251] (**) Option "config_info" "udev:/sys/devices/platform/i8042/serio0/input/input3/event3"
[     6.251] (II) XINPUT: Adding extended input device "AT Translated Set 2 keyboard" (type: KEYBOARD, id 16)
[     6.251] (**) Option "xkb_layout" "es"
[     6.252] (II) event3  - AT Translated Set 2 keyboard: is tagged by udev as: Keyboard
[     6.252] (II) event3  - AT Translated Set 2 keyboard: device is a keyboard
[    48.462] (II) config/udev: Adding input device OpenRun by Shokz (AVRCP) (/dev/input/event14)
[    48.462] (**) OpenRun by Shokz (AVRCP): Applying InputClass "libinput keyboard catchall"
[    48.462] (**) OpenRun by Shokz (AVRCP): Applying InputClass "system-keyboard"
[    48.462] (**) OpenRun by Shokz (AVRCP): Applying InputClass "touchpad catchall"
[    48.462] (II) Using input driver 'libinput' for 'OpenRun by Shokz (AVRCP)'
[    48.463] (II) systemd-logind: got fd for /dev/input/event14 13:78 fd 51 paused 0
[    48.463] (**) OpenRun by Shokz (AVRCP): always reports core events
[    48.463] (**) Option "Device" "/dev/input/event14"
[    48.463] (II) event14 - OpenRun by Shokz (AVRCP): is tagged by udev as: Keyboard
[    48.463] (II) event14 - OpenRun by Shokz (AVRCP): device is a keyboard
[    48.463] (II) event14 - OpenRun by Shokz (AVRCP): device removed
[    48.463] (**) Option "config_info" "udev:/sys/devices/virtual/input/input30/event14"
[    48.463] (II) XINPUT: Adding extended input device "OpenRun by Shokz (AVRCP)" (type: KEYBOARD, id 17)
[    48.463] (**) Option "xkb_layout" "es"
[    48.464] (II) event14 - OpenRun by Shokz (AVRCP): is tagged by udev as: Keyboard
[    48.464] (II) event14 - OpenRun by Shokz (AVRCP): device is a keyboard
