[2022-09-10][10:27:18][lapce_data::keypress::loader][DEBUG] Keymap ignored: o
[2022-09-10][10:27:18][lapce_data::keypress::loader][DEBUG] Keymap ignored: /
[2022-09-10][10:27:18][lapce_data::keypress::loader][DEBUG] Keymap ignored: :
[2022-09-10][10:27:18][lapce_data::keypress::loader][DEBUG] Keymap ignored: shift+g
[2022-09-10][10:27:18][lapce_data::keypress::loader][DEBUG] Keymap ignored: g g
[2022-09-10][10:27:18][lapce_data::keypress::loader][DEBUG] Keymap ignored: h
[2022-09-10][10:27:18][lapce_data::keypress::loader][DEBUG] Keymap ignored: j
[2022-09-10][10:27:18][lapce_data::keypress::loader][DEBUG] Keymap ignored: k
[2022-09-10][10:27:18][lapce_data::keypress::loader][DEBUG] Keymap ignored: l
[2022-09-10][10:27:18][lapce_data::keypress::loader][DEBUG] Keymap ignored: a
[2022-09-10][10:27:18][lapce_data::keypress::loader][DEBUG] Keymap ignored: shift+a
[2022-09-10][10:27:18][lapce_data::keypress::loader][DEBUG] Keymap ignored: i
[2022-09-10][10:27:18][lapce_data::keypress::loader][DEBUG] Keymap ignored: u
[2022-09-10][10:27:18][lapce_data::keypress::loader][DEBUG] Keymap ignored: ctrl+r
[2022-09-10][10:27:18][lapce_data::keypress::loader][DEBUG] Keymap ignored: ctrl+i
[2022-09-10][10:27:18][lapce_data::keypress::loader][DEBUG] Keymap ignored: ctrl+o
[2022-09-10][10:27:18][lapce_data::keypress::loader][DEBUG] Keymap ignored: ctrl+n
[2022-09-10][10:27:18][lapce_data::keypress::loader][DEBUG] Keymap ignored: g d
[2022-09-10][10:27:18][lapce_data::keypress::loader][DEBUG] Keymap ignored: p
[2022-09-10][10:27:18][lapce_data::keypress::loader][DEBUG] Keymap ignored: shift+j
[2022-09-10][10:27:18][lapce_data::keypress::loader][DEBUG] Keymap ignored: y
[2022-09-10][10:27:18][lapce_data::keypress::loader][DEBUG] Keymap ignored: x
[2022-09-10][10:27:18][lapce_data::keypress::loader][DEBUG] Keymap ignored: ctrl+p
[2022-09-10][10:27:18][lapce_data::keypress::loader][DEBUG] Keymap ignored: s
[2022-09-10][10:27:18][lapce_data::keypress::loader][DEBUG] Keymap ignored: shift+i
[2022-09-10][10:27:18][lapce_data::keypress::loader][DEBUG] Keymap ignored: o
[2022-09-10][10:27:18][lapce_data::keypress::loader][DEBUG] Keymap ignored: 0
[2022-09-10][10:27:18][lapce_data::keypress::loader][DEBUG] Keymap ignored: ^
[2022-09-10][10:27:18][lapce_data::keypress::loader][DEBUG] Keymap ignored: $
[2022-09-10][10:27:18][lapce_data::keypress::loader][DEBUG] Keymap ignored: w
[2022-09-10][10:27:18][lapce_data::keypress::loader][DEBUG] Keymap ignored: e
[2022-09-10][10:27:18][lapce_data::keypress::loader][DEBUG] Keymap ignored: b
[2022-09-10][10:27:18][lapce_data::keypress::loader][DEBUG] Keymap ignored: shift+o
[2022-09-10][10:27:18][lapce_data::keypress::loader][DEBUG] Keymap ignored: ctrl+e
[2022-09-10][10:27:18][lapce_data::keypress::loader][DEBUG] Keymap ignored: ctrl+y
[2022-09-10][10:27:18][lapce_data::keypress::loader][DEBUG] Keymap ignored: ctrl+u
[2022-09-10][10:27:18][lapce_data::keypress::loader][DEBUG] Keymap ignored: ctrl+d
[2022-09-10][10:27:18][lapce_data::keypress::loader][DEBUG] Keymap ignored: z z
[2022-09-10][10:27:18][lapce_data::keypress::loader][DEBUG] Keymap ignored: z t
[2022-09-10][10:27:18][lapce_data::keypress::loader][DEBUG] Keymap ignored: z b
[2022-09-10][10:27:18][lapce_data::keypress::loader][DEBUG] Keymap ignored: d
[2022-09-10][10:27:18][lapce_data::keypress::loader][DEBUG] Keymap ignored: f
[2022-09-10][10:27:18][lapce_data::keypress::loader][DEBUG] Keymap ignored: shift+f
[2022-09-10][10:27:18][lapce_data::keypress::loader][DEBUG] Keymap ignored: ;
[2022-09-10][10:27:18][lapce_data::keypress::loader][DEBUG] Keymap ignored: d
[2022-09-10][10:27:18][lapce_data::keypress::loader][DEBUG] Keymap ignored: >
[2022-09-10][10:27:18][lapce_data::keypress::loader][DEBUG] Keymap ignored: <
[2022-09-10][10:27:18][lapce_data::keypress::loader][DEBUG] Keymap ignored: y
[2022-09-10][10:27:18][lapce_data::keypress::loader][DEBUG] Keymap ignored: *
[2022-09-10][10:27:18][lapce_data::keypress::loader][DEBUG] Keymap ignored: n
[2022-09-10][10:27:18][lapce_data::keypress::loader][DEBUG] Keymap ignored: shift+n
[2022-09-10][10:27:18][lapce_data::keypress::loader][DEBUG] Keymap ignored: %
[2022-09-10][10:27:18][lapce_data::keypress::loader][DEBUG] Keymap ignored: ] )
[2022-09-10][10:27:18][lapce_data::keypress::loader][DEBUG] Keymap ignored: [ (
[2022-09-10][10:27:18][lapce_data::keypress::loader][DEBUG] Keymap ignored: ] }
[2022-09-10][10:27:18][lapce_data::keypress::loader][DEBUG] Keymap ignored: [ {
[2022-09-10][10:27:18][lapce_data::keypress::loader][DEBUG] Keymap ignored: v
[2022-09-10][10:27:18][lapce_data::keypress::loader][DEBUG] Keymap ignored: shift+v
[2022-09-10][10:27:18][lapce_data::keypress::loader][DEBUG] Keymap ignored: ctrl+v
[2022-09-10][10:27:18][lapce_data::keypress::loader][DEBUG] Keymap ignored: ctrl+w l
[2022-09-10][10:27:18][lapce_data::keypress::loader][DEBUG] Keymap ignored: ctrl+w h
[2022-09-10][10:27:18][lapce_data::keypress::loader][DEBUG] Keymap ignored: ctrl+w j
[2022-09-10][10:27:18][lapce_data::keypress::loader][DEBUG] Keymap ignored: ctrl+w k
[2022-09-10][10:27:18][lapce_data::keypress::loader][DEBUG] Keymap ignored: ctrl+w s
[2022-09-10][10:27:18][lapce_data::keypress::loader][DEBUG] Keymap ignored: ctrl+w v
[2022-09-10][10:27:18][lapce_data::keypress::loader][DEBUG] Keymap ignored: ctrl+w c
[2022-09-10][10:27:18][lapce_data::keypress::loader][DEBUG] Keymap ignored: ctrl+w x
[2022-09-10][10:27:18][lapce_data::keypress::loader][DEBUG] Keymap ignored: space
[2022-09-10][10:27:18][lapce_data::keypress::loader][DEBUG] Keymap ignored: >
[2022-09-10][10:27:18][lapce_data::keypress::loader][DEBUG] Keymap ignored: <
[2022-09-10][10:27:18][lapce_data::keypress][ERROR] Failed to load from "/home/marc/.config/lapce-stable/keymaps.toml": no keymaps
[2022-09-10][10:27:18][reqwest::connect][DEBUG] starting new connection: https://lapce.dev/
[2022-09-10][10:27:18][hyper::client::connect::dns][DEBUG] resolving host="lapce.dev"
[2022-09-10][10:27:18][reqwest::connect][DEBUG] starting new connection: https://api.github.com/
[2022-09-10][10:27:18][hyper::client::connect::dns][DEBUG] resolving host="api.github.com"
[2022-09-10][10:27:18][druid::localization][DEBUG] available locales [], current en-US
[2022-09-10][10:27:18][druid::localization][DEBUG] resolved: [en-US]
[2022-09-10][10:27:18][hyper::client::connect::http][DEBUG] connecting to 140.82.121.5:443
[2022-09-10][10:27:18][hyper::client::connect::http][DEBUG] connecting to 185.199.111.153:443
[2022-09-10][10:27:18][druid_shell::backend::gtk::application][INFO] gtk: Activated application
[2022-09-10][10:27:18][alacritty_terminal::term][DEBUG] New num_cols is 254 and num_lines is 10
[2022-09-10][10:27:18][hyper::client::connect::http][DEBUG] connected to 185.199.111.153:443
[2022-09-10][10:27:18][hyper::client::connect::http][DEBUG] connected to 140.82.121.5:443
[2022-09-10][10:27:18][reqwest::async_impl::client][DEBUG] response '200 OK' for https://lapce.dev/volts
[2022-09-10][10:27:18][hyper::client::pool][DEBUG] pooling idle connection for ("https", lapce.dev)
[2022-09-10][10:27:18][reqwest::async_impl::client][DEBUG] response '200 OK' for https://api.github.com/repos/lapce/lapce/releases/latest
[2022-09-10][10:27:18][hyper::client::pool][DEBUG] pooling idle connection for ("https", api.github.com)
[2022-09-10][10:27:27][alacritty_terminal::term][DEBUG] New num_cols is 254 and num_lines is 9
[2022-09-10][10:27:27][alacritty_terminal::term][DEBUG] New num_cols is 254 and num_lines is 10
[2022-09-10][10:27:27][alacritty_terminal::term][DEBUG] Term::resize dimensions unchanged
[2022-09-10][10:27:27][alacritty_terminal::term][DEBUG] Term::resize dimensions unchanged
[2022-09-10][10:27:27][alacritty_terminal::term][DEBUG] New num_cols is 254 and num_lines is 11
[2022-09-10][10:27:27][alacritty_terminal::term][DEBUG] New num_cols is 254 and num_lines is 13
[2022-09-10][10:27:27][alacritty_terminal::term][DEBUG] Term::resize dimensions unchanged
[2022-09-10][10:27:27][alacritty_terminal::term][DEBUG] New num_cols is 254 and num_lines is 14
[2022-09-10][10:27:27][alacritty_terminal::term][DEBUG] New num_cols is 254 and num_lines is 15
[2022-09-10][10:27:27][alacritty_terminal::term][DEBUG] Term::resize dimensions unchanged
[2022-09-10][10:27:27][alacritty_terminal::term][DEBUG] Term::resize dimensions unchanged
[2022-09-10][10:27:27][alacritty_terminal::term][DEBUG] Term::resize dimensions unchanged
[2022-09-10][10:27:27][alacritty_terminal::term][DEBUG] Term::resize dimensions unchanged
[2022-09-10][10:27:27][alacritty_terminal::term][DEBUG] Term::resize dimensions unchanged
[2022-09-10][10:27:27][alacritty_terminal::term][DEBUG] Term::resize dimensions unchanged
[2022-09-10][10:27:27][alacritty_terminal::term][DEBUG] Term::resize dimensions unchanged
[2022-09-10][10:27:27][alacritty_terminal::term][DEBUG] Term::resize dimensions unchanged
[2022-09-10][10:27:27][alacritty_terminal::term][DEBUG] New num_cols is 254 and num_lines is 14
[2022-09-10][10:27:27][alacritty_terminal::term][DEBUG] Term::resize dimensions unchanged
[2022-09-10][10:27:27][alacritty_terminal::term][DEBUG] Term::resize dimensions unchanged
[2022-09-10][10:27:27][alacritty_terminal::term][DEBUG] Term::resize dimensions unchanged
[2022-09-10][10:27:27][alacritty_terminal::term][DEBUG] Term::resize dimensions unchanged
[2022-09-10][10:27:27][alacritty_terminal::term][DEBUG] New num_cols is 254 and num_lines is 13
[2022-09-10][10:27:27][alacritty_terminal::term][DEBUG] Term::resize dimensions unchanged
[2022-09-10][10:27:27][alacritty_terminal::term][DEBUG] New num_cols is 254 and num_lines is 12
[2022-09-10][10:27:27][alacritty_terminal::term][DEBUG] Term::resize dimensions unchanged
[2022-09-10][10:27:27][alacritty_terminal::term][DEBUG] New num_cols is 254 and num_lines is 11
[2022-09-10][10:27:27][alacritty_terminal::term][DEBUG] Term::resize dimensions unchanged
[2022-09-10][10:27:27][alacritty_terminal::term][DEBUG] New num_cols is 254 and num_lines is 10
[2022-09-10][10:27:27][alacritty_terminal::term][DEBUG] Term::resize dimensions unchanged
[2022-09-10][10:27:27][alacritty_terminal::term][DEBUG] Term::resize dimensions unchanged
[2022-09-10][10:27:27][alacritty_terminal::term][DEBUG] New num_cols is 254 and num_lines is 9
[2022-09-10][10:27:27][alacritty_terminal::term][DEBUG] Term::resize dimensions unchanged
[2022-09-10][10:27:27][alacritty_terminal::term][DEBUG] Term::resize dimensions unchanged
[2022-09-10][10:27:27][alacritty_terminal::term][DEBUG] New num_cols is 254 and num_lines is 10
[2022-09-10][10:27:28][alacritty_terminal::term][DEBUG] Term::resize dimensions unchanged
[2022-09-10][10:27:28][alacritty_terminal::term][DEBUG] New num_cols is 254 and num_lines is 11
[2022-09-10][10:27:28][alacritty_terminal::term][DEBUG] Term::resize dimensions unchanged
[2022-09-10][10:27:28][alacritty_terminal::term][DEBUG] New num_cols is 254 and num_lines is 12
[2022-09-10][10:27:28][alacritty_terminal::term][DEBUG] New num_cols is 254 and num_lines is 13
[2022-09-10][10:27:28][alacritty_terminal::term][DEBUG] New num_cols is 254 and num_lines is 15
[2022-09-10][10:27:28][alacritty_terminal::term][DEBUG] New num_cols is 254 and num_lines is 16
[2022-09-10][10:27:28][alacritty_terminal::term][DEBUG] Term::resize dimensions unchanged
[2022-09-10][10:27:28][alacritty_terminal::term][DEBUG] Term::resize dimensions unchanged
[2022-09-10][10:27:28][alacritty_terminal::term][DEBUG] Term::resize dimensions unchanged
[2022-09-10][10:27:28][alacritty_terminal::term][DEBUG] Term::resize dimensions unchanged
[2022-09-10][10:27:28][alacritty_terminal::term][DEBUG] New num_cols is 254 and num_lines is 17
[2022-09-10][10:27:28][alacritty_terminal::term][DEBUG] New num_cols is 254 and num_lines is 18
[2022-09-10][10:27:28][alacritty_terminal::term][DEBUG] Term::resize dimensions unchanged
[2022-09-10][10:27:28][alacritty_terminal::term][DEBUG] Term::resize dimensions unchanged
[2022-09-10][10:27:28][alacritty_terminal::term][DEBUG] Term::resize dimensions unchanged
[2022-09-10][10:27:28][alacritty_terminal::term][DEBUG] New num_cols is 254 and num_lines is 19
[2022-09-10][10:27:28][alacritty_terminal::term][DEBUG] Term::resize dimensions unchanged
[2022-09-10][10:27:28][alacritty_terminal::term][DEBUG] Term::resize dimensions unchanged
[2022-09-10][10:27:28][alacritty_terminal::term][DEBUG] New num_cols is 254 and num_lines is 20
[2022-09-10][10:27:28][alacritty_terminal::term][DEBUG] Term::resize dimensions unchanged
[2022-09-10][10:27:28][alacritty_terminal::term][DEBUG] New num_cols is 254 and num_lines is 21
[2022-09-10][10:27:28][alacritty_terminal::term][DEBUG] Term::resize dimensions unchanged
[2022-09-10][10:27:28][alacritty_terminal::term][DEBUG] New num_cols is 254 and num_lines is 22
[2022-09-10][10:27:28][alacritty_terminal::term][DEBUG] Term::resize dimensions unchanged
[2022-09-10][10:27:28][alacritty_terminal::term][DEBUG] Term::resize dimensions unchanged
[2022-09-10][10:27:28][alacritty_terminal::term][DEBUG] Term::resize dimensions unchanged
[2022-09-10][10:27:28][alacritty_terminal::term][DEBUG] Term::resize dimensions unchanged
[2022-09-10][10:27:28][alacritty_terminal::term][DEBUG] Term::resize dimensions unchanged
[2022-09-10][10:27:28][alacritty_terminal::term][DEBUG] New num_cols is 254 and num_lines is 23
[2022-09-10][10:27:28][alacritty_terminal::term][DEBUG] Term::resize dimensions unchanged
[2022-09-10][10:27:28][alacritty_terminal::term][DEBUG] Term::resize dimensions unchanged
[2022-09-10][10:27:28][alacritty_terminal::term][DEBUG] New num_cols is 254 and num_lines is 24
[2022-09-10][10:27:28][alacritty_terminal::term][DEBUG] Term::resize dimensions unchanged
[2022-09-10][10:27:28][alacritty_terminal::term][DEBUG] Term::resize dimensions unchanged
[2022-09-10][10:27:28][alacritty_terminal::term][DEBUG] Term::resize dimensions unchanged
[2022-09-10][10:27:28][alacritty_terminal::term][DEBUG] Term::resize dimensions unchanged
[2022-09-10][10:27:28][alacritty_terminal::term][DEBUG] Term::resize dimensions unchanged
[2022-09-10][10:27:28][alacritty_terminal::term][DEBUG] New num_cols is 254 and num_lines is 22
[2022-09-10][10:27:28][alacritty_terminal::term][DEBUG] New num_cols is 254 and num_lines is 20
[2022-09-10][10:27:29][alacritty_terminal::term][DEBUG] New num_cols is 254 and num_lines is 16
[2022-09-10][10:27:29][alacritty_terminal::term][DEBUG] New num_cols is 254 and num_lines is 14
[2022-09-10][10:27:29][alacritty_terminal::term][DEBUG] New num_cols is 254 and num_lines is 13
[2022-09-10][10:27:29][alacritty_terminal::term][DEBUG] New num_cols is 254 and num_lines is 12
[2022-09-10][10:27:29][alacritty_terminal::term][DEBUG] New num_cols is 254 and num_lines is 11
[2022-09-10][10:27:29][alacritty_terminal::term][DEBUG] New num_cols is 254 and num_lines is 10
[2022-09-10][10:27:29][alacritty_terminal::term][DEBUG] Term::resize dimensions unchanged
[2022-09-10][10:27:29][alacritty_terminal::term][DEBUG] Term::resize dimensions unchanged
[2022-09-10][10:27:29][alacritty_terminal::term][DEBUG] Term::resize dimensions unchanged
[2022-09-10][10:27:29][alacritty_terminal::term][DEBUG] New num_cols is 254 and num_lines is 9
[2022-09-10][10:27:29][alacritty_terminal::term][DEBUG] New num_cols is 254 and num_lines is 8
[2022-09-10][10:27:29][alacritty_terminal::term][DEBUG] Term::resize dimensions unchanged
[2022-09-10][10:27:29][alacritty_terminal::term][DEBUG] New num_cols is 254 and num_lines is 7
[2022-09-10][10:27:29][alacritty_terminal::term][DEBUG] Term::resize dimensions unchanged
[2022-09-10][10:27:29][alacritty_terminal::term][DEBUG] Term::resize dimensions unchanged
[2022-09-10][10:27:29][alacritty_terminal::term][DEBUG] Term::resize dimensions unchanged
[2022-09-10][10:27:29][alacritty_terminal::term][DEBUG] New num_cols is 254 and num_lines is 6
[2022-09-10][10:27:29][alacritty_terminal::term][DEBUG] Term::resize dimensions unchanged
[2022-09-10][10:27:29][alacritty_terminal::term][DEBUG] Term::resize dimensions unchanged
[2022-09-10][10:27:29][alacritty_terminal::term][DEBUG] Term::resize dimensions unchanged
[2022-09-10][10:27:29][alacritty_terminal::term][DEBUG] Term::resize dimensions unchanged
[2022-09-10][10:27:29][alacritty_terminal::term][DEBUG] Term::resize dimensions unchanged
[2022-09-10][10:27:29][alacritty_terminal::term][DEBUG] Term::resize dimensions unchanged
[2022-09-10][10:27:29][alacritty_terminal::term][DEBUG] Term::resize dimensions unchanged
[2022-09-10][10:27:29][alacritty_terminal::term][DEBUG] Term::resize dimensions unchanged
[2022-09-10][10:27:29][alacritty_terminal::term][DEBUG] Term::resize dimensions unchanged
[2022-09-10][10:27:30][alacritty_terminal::term][DEBUG] Term::resize dimensions unchanged
[2022-09-10][10:27:30][alacritty_terminal::term][DEBUG] Term::resize dimensions unchanged
[2022-09-10][10:27:30][alacritty_terminal::term][DEBUG] Term::resize dimensions unchanged
[2022-09-10][10:27:30][alacritty_terminal::term][DEBUG] Term::resize dimensions unchanged
[2022-09-10][10:27:30][alacritty_terminal::term][DEBUG] New num_cols is 254 and num_lines is 7
[2022-09-10][10:27:30][alacritty_terminal::term][DEBUG] Term::resize dimensions unchanged
[2022-09-10][10:28:34][reqwest::connect][DEBUG] starting new connection: https://lapce.dev/
[2022-09-10][10:28:34][hyper::client::connect::dns][DEBUG] resolving host="lapce.dev"
[2022-09-10][10:28:34][alacritty_terminal::term][DEBUG] New num_cols is 254 and num_lines is 10
[2022-09-10][10:28:34][hyper::client::connect::http][DEBUG] connecting to 185.199.111.153:443
[2022-09-10][10:28:34][hyper::client::connect::http][DEBUG] connected to 185.199.111.153:443
[2022-09-10][10:28:34][reqwest::async_impl::client][DEBUG] response '200 OK' for https://lapce.dev/volts
[2022-09-10][10:28:34][hyper::client::pool][DEBUG] pooling idle connection for ("https", lapce.dev)
